2023-09-25T21:17:49.013Z [info] Iniciando no ambiente development
2023-09-25T21:17:49.016Z [info] Servidor pronto na porta 8080
2023-09-25T21:20:49.788Z [info] Iniciando no ambiente development
2023-09-25T21:20:49.792Z [info] Servidor pronto na porta 8080
2023-09-25T21:20:54.569Z [info] Iniciando no ambiente development
2023-09-25T21:20:54.572Z [info] Servidor pronto na porta 8080
2023-09-25T21:20:59.442Z [info] Iniciando no ambiente development
2023-09-25T21:20:59.448Z [info] Servidor pronto na porta 8080
2023-09-25T21:21:07.212Z [info] Iniciando no ambiente development
2023-09-25T21:21:07.216Z [info] Servidor pronto na porta 8080
2023-09-25T21:21:17.208Z [info] Iniciando no ambiente development
2023-09-25T21:21:17.216Z [info] Servidor pronto na porta 8080
2023-09-25T21:21:22.781Z [info] Iniciando no ambiente development
2023-09-25T21:21:22.785Z [info] Servidor pronto na porta 8080
2023-09-25T21:21:29.871Z [info] Iniciando no ambiente development
2023-09-25T21:21:29.875Z [info] Servidor pronto na porta 8080
2023-09-25T21:21:39.251Z [info] Iniciando no ambiente development
2023-09-25T21:21:39.254Z [info] Servidor pronto na porta 8080
2023-09-25T21:23:04.095Z [info] Iniciando no ambiente development
2023-09-25T21:23:04.098Z [info] Servidor pronto na porta 8080
2023-09-25T21:24:15.866Z [info] Iniciando no ambiente development
2023-09-25T21:24:15.874Z [info] Servidor pronto na porta 8080
2023-09-25T21:26:03.225Z [debug] Requisição GET na rota /api/produtos
2023-09-25T21:26:39.299Z [debug] Requisição GET na rota /api/produtos/1
2023-09-25T21:26:45.184Z [debug] Requisição GET na rota /api/produtos
2023-09-25T21:27:49.939Z [info] Iniciando no ambiente development
2023-09-25T21:27:49.944Z [info] Servidor pronto na porta 8080
2023-09-25T21:27:56.930Z [debug] Requisição GET na rota /api/produtos/1
2023-09-25T21:28:11.515Z [debug] Requisição GET na rota /api/produtos
2023-09-25T21:28:18.915Z [debug] Requisição GET na rota /api/produtos/9
2023-09-25T21:54:05.643Z [debug] Requisição GET na rota /
2023-09-25T21:54:05.833Z [debug] Requisição GET na rota /static/uploads/foto-1695644268774.jpg
2023-09-25T21:54:05.853Z [debug] Requisição GET na rota /static/imgs/avatar.jpg
2023-09-25T21:54:05.856Z [debug] Requisição GET na rota /static/uploads/foto-1695644185956.jpg
2023-09-26T23:38:48.402Z [info] Iniciando no ambiente development
2023-09-26T23:38:48.406Z [info] Servidor pronto na porta 8080
2023-09-26T23:40:52.512Z [info] Iniciando no ambiente development
2023-09-26T23:40:52.514Z [info] Servidor pronto na porta 8080
2023-09-26T23:41:04.464Z [info] Iniciando no ambiente development
2023-09-26T23:41:04.466Z [info] Servidor pronto na porta 8080
2023-09-26T23:41:48.149Z [info] Iniciando no ambiente development
2023-09-26T23:41:48.152Z [info] Servidor pronto na porta 8080
2023-09-26T23:42:22.465Z [info] Iniciando no ambiente development
2023-09-26T23:42:22.468Z [info] Servidor pronto na porta 8080
2023-09-26T23:42:28.325Z [info] Iniciando no ambiente development
2023-09-26T23:42:28.328Z [info] Servidor pronto na porta 8080
2023-09-26T23:42:35.795Z [info] Iniciando no ambiente development
2023-09-26T23:42:35.797Z [info] Servidor pronto na porta 8080
2023-09-26T23:43:30.156Z [info] Iniciando no ambiente undefined
2023-09-26T23:43:30.161Z [info] Servidor pronto na porta 8080
2023-09-26T23:45:00.773Z [info] Iniciando no ambiente undefined
2023-09-26T23:45:00.777Z [info] Servidor pronto na porta 8080
2023-09-26T23:45:24.355Z [info] Iniciando no ambiente undefined
2023-09-26T23:45:24.362Z [info] Servidor pronto na porta 8080
2023-09-26T23:46:17.834Z [info] Iniciando no ambiente undefined
2023-09-26T23:46:17.837Z [info] Servidor pronto na porta 8080
2023-09-26T23:46:40.837Z [info] Iniciando no ambiente undefined
2023-09-26T23:46:40.841Z [info] Servidor pronto na porta 8080
2023-09-26T23:47:46.015Z [info] Iniciando no ambiente undefined
2023-09-26T23:47:46.018Z [info] Servidor pronto na porta 8080
2023-09-26T23:51:15.101Z [info] Iniciando no ambiente undefined
2023-09-26T23:51:15.104Z [info] Servidor pronto na porta 8080
2023-09-26T23:51:31.847Z [info] Iniciando no ambiente undefined
2023-09-26T23:51:31.851Z [info] Servidor pronto na porta 8080
2023-09-26T23:54:35.638Z [info] Iniciando no ambiente undefined
2023-09-26T23:54:35.641Z [info] Servidor pronto na porta 8080
2023-09-26T23:57:47.629Z [info] Iniciando no ambiente undefined
2023-09-26T23:57:47.632Z [info] Servidor pronto na porta 8080
2023-09-27T00:09:59.306Z [info] Iniciando no ambiente undefined
2023-09-27T00:09:59.309Z [info] Servidor pronto na porta 8080
2023-09-27T00:18:28.429Z [info] Iniciando no ambiente undefined
2023-09-27T00:18:28.432Z [info] Servidor pronto na porta 8080
2023-09-27T00:18:37.698Z [info] Iniciando no ambiente undefined
2023-09-27T00:18:37.701Z [info] Servidor pronto na porta 8080
2023-09-27T00:18:55.659Z [info] Iniciando no ambiente undefined
2023-09-27T00:18:55.662Z [info] Servidor pronto na porta 8080
2023-09-27T00:19:01.045Z [info] Iniciando no ambiente undefined
2023-09-27T00:19:01.049Z [info] Servidor pronto na porta 8080
2023-09-27T00:20:32.234Z [info] Iniciando no ambiente undefined
2023-09-27T00:20:32.242Z [info] Servidor pronto na porta 8080
2023-09-27T00:20:36.927Z [info] Iniciando no ambiente undefined
2023-09-27T00:20:36.933Z [info] Servidor pronto na porta 8080
2023-09-30T23:42:39.941Z [info] Iniciando no ambiente development
2023-09-30T23:42:39.944Z [info] Servidor pronto na porta 8080
2023-09-30T23:43:06.425Z [debug] Requisição POST na rota /api/usuarios
2023-09-30T23:43:29.964Z [debug] Requisição GET na rota /api/usuarios
2023-09-30T23:48:37.599Z [info] Iniciando no ambiente development
2023-09-30T23:48:37.603Z [info] Servidor pronto na porta 8080
2023-09-30T23:48:55.882Z [info] Iniciando no ambiente development
2023-09-30T23:48:55.885Z [info] Servidor pronto na porta 8080
2023-09-30T23:49:05.922Z [info] Iniciando no ambiente development
2023-09-30T23:49:05.924Z [info] Servidor pronto na porta 8080
2023-09-30T23:49:07.639Z [info] Iniciando no ambiente development
2023-09-30T23:49:07.641Z [info] Servidor pronto na porta 8080
2023-09-30T23:49:11.431Z [info] Iniciando no ambiente development
2023-09-30T23:49:11.433Z [info] Servidor pronto na porta 8080
2023-09-30T23:49:24.088Z [info] Iniciando no ambiente development
2023-09-30T23:49:24.090Z [info] Servidor pronto na porta 8080
2023-09-30T23:49:28.231Z [info] Iniciando no ambiente development
2023-09-30T23:49:28.233Z [info] Servidor pronto na porta 8080
2023-09-30T23:49:44.997Z [info] Iniciando no ambiente development
2023-09-30T23:49:44.999Z [info] Servidor pronto na porta 8080
2023-09-30T23:49:48.068Z [info] Iniciando no ambiente development
2023-09-30T23:49:48.071Z [info] Servidor pronto na porta 8080
2023-09-30T23:49:54.190Z [info] Iniciando no ambiente development
2023-09-30T23:49:54.194Z [info] Servidor pronto na porta 8080
2023-09-30T23:50:01.261Z [info] Iniciando no ambiente development
2023-09-30T23:50:01.263Z [info] Servidor pronto na porta 8080
2023-09-30T23:50:19.805Z [info] Iniciando no ambiente development
2023-09-30T23:50:19.809Z [info] Servidor pronto na porta 8080
2023-09-30T23:50:21.815Z [info] Iniciando no ambiente development
2023-09-30T23:50:21.817Z [info] Servidor pronto na porta 8080
2023-09-30T23:50:31.995Z [info] Iniciando no ambiente development
2023-09-30T23:50:31.998Z [info] Servidor pronto na porta 8080
2023-09-30T23:50:48.469Z [info] Iniciando no ambiente development
2023-09-30T23:50:48.472Z [info] Servidor pronto na porta 8080
2023-09-30T23:50:53.184Z [info] Iniciando no ambiente development
2023-09-30T23:50:53.187Z [info] Servidor pronto na porta 8080
2023-09-30T23:51:28.444Z [info] Iniciando no ambiente development
2023-09-30T23:51:28.446Z [info] Servidor pronto na porta 8080
2023-09-30T23:51:33.418Z [info] Iniciando no ambiente development
2023-09-30T23:51:33.424Z [info] Servidor pronto na porta 8080
2023-09-30T23:53:18.313Z [info] Iniciando no ambiente development
2023-09-30T23:53:18.315Z [info] Servidor pronto na porta 8080
2023-09-30T23:56:16.377Z [debug] Requisição POST na rota /api/usuariios/login
2023-09-30T23:56:33.928Z [debug] Requisição POST na rota /api/usuariios/login
2023-09-30T23:57:40.645Z [debug] Requisição POST na rota /api/usuarios/login
2023-09-30T23:58:04.533Z [debug] Requisição POST na rota /api/usuarios/login
2023-09-30T23:58:18.847Z [debug] Requisição GET na rota /api/usuarios
2023-09-30T23:58:53.845Z [debug] Requisição DELETE na rota /api/usuarios
2023-09-30T23:58:58.646Z [debug] Requisição DELETE na rota /api/usuarios
2023-09-30T23:59:02.105Z [debug] Requisição GET na rota /api/usuarios
2023-09-30T23:59:30.048Z [debug] Requisição POST na rota /api/usuarios/login
2023-09-30T23:59:39.110Z [debug] Requisição POST na rota /api/usuarios/login
2023-10-01T00:00:28.338Z [info] Iniciando no ambiente development
2023-10-01T00:00:28.342Z [info] Servidor pronto na porta 8080
2023-10-01T00:00:32.970Z [info] Iniciando no ambiente development
2023-10-01T00:00:32.972Z [info] Servidor pronto na porta 8080
2023-10-01T00:01:27.956Z [info] Iniciando no ambiente development
2023-10-01T00:01:27.961Z [info] Servidor pronto na porta 8080
2023-10-01T00:01:34.309Z [info] Iniciando no ambiente development
2023-10-01T00:01:34.312Z [info] Servidor pronto na porta 8080
2023-10-01T00:02:00.640Z [info] Iniciando no ambiente development
2023-10-01T00:02:00.644Z [info] Servidor pronto na porta 8080
2023-10-01T00:03:02.405Z [info] Iniciando no ambiente development
2023-10-01T00:03:02.408Z [info] Servidor pronto na porta 8080
2023-10-01T00:03:47.330Z [info] Iniciando no ambiente development
2023-10-01T00:03:47.332Z [info] Servidor pronto na porta 8080
2023-10-01T00:03:49.151Z [info] Iniciando no ambiente development
2023-10-01T00:03:49.155Z [info] Servidor pronto na porta 8080
2023-10-01T00:04:38.478Z [info] Iniciando no ambiente development
2023-10-01T00:04:38.480Z [info] Servidor pronto na porta 8080
2023-10-01T00:04:58.095Z [info] Iniciando no ambiente development
2023-10-01T00:04:58.097Z [info] Servidor pronto na porta 8080
2023-10-01T00:05:27.530Z [info] Iniciando no ambiente development
2023-10-01T00:05:27.534Z [info] Servidor pronto na porta 8080
2023-10-01T00:05:46.818Z [info] Iniciando no ambiente development
2023-10-01T00:05:46.821Z [info] Servidor pronto na porta 8080
2023-10-01T00:05:51.209Z [info] Iniciando no ambiente development
2023-10-01T00:05:51.212Z [info] Servidor pronto na porta 8080
2023-10-01T00:05:57.051Z [info] Iniciando no ambiente development
2023-10-01T00:05:57.054Z [info] Servidor pronto na porta 8080
2023-10-01T00:05:59.476Z [info] Iniciando no ambiente development
2023-10-01T00:05:59.479Z [info] Servidor pronto na porta 8080
2023-10-01T00:06:04.962Z [info] Iniciando no ambiente development
2023-10-01T00:06:04.965Z [info] Servidor pronto na porta 8080
2023-10-01T00:06:06.675Z [info] Iniciando no ambiente development
2023-10-01T00:06:06.677Z [info] Servidor pronto na porta 8080
2023-10-01T00:06:11.570Z [info] Iniciando no ambiente development
2023-10-01T00:06:11.573Z [info] Servidor pronto na porta 8080
2023-10-01T00:06:15.525Z [info] Iniciando no ambiente development
2023-10-01T00:06:15.528Z [info] Servidor pronto na porta 8080
2023-10-01T00:06:27.289Z [info] Iniciando no ambiente development
2023-10-01T00:06:27.291Z [info] Servidor pronto na porta 8080
2023-10-01T00:07:04.564Z [debug] Requisição POST na rota /api/usuarios/login
2023-10-01T00:07:17.880Z [debug] Requisição POST na rota /api/usuarios/login
2023-10-01T00:47:42.177Z [info] Iniciando no ambiente development
2023-10-01T00:47:42.180Z [info] Servidor pronto na porta 8080
2023-10-01T00:48:34.261Z [info] Iniciando no ambiente development
2023-10-01T00:48:34.264Z [info] Servidor pronto na porta 8080
2023-10-01T00:48:45.898Z [info] Iniciando no ambiente development
2023-10-01T00:48:45.945Z [info] Servidor pronto na porta 8080
2023-10-01T00:49:50.433Z [debug] Requisição POST na rota /api/usuarios/login
2023-10-01T00:50:02.662Z [debug] Requisição POST na rota /api/usuarios/login
2023-10-01T00:53:52.481Z [info] Iniciando no ambiente development
2023-10-01T00:53:52.484Z [info] Servidor pronto na porta 8080
2023-10-01T00:54:00.976Z [info] Iniciando no ambiente development
2023-10-01T00:54:00.980Z [info] Servidor pronto na porta 8080
2023-10-01T00:54:07.962Z [info] Iniciando no ambiente development
2023-10-01T00:54:07.976Z [info] Servidor pronto na porta 8080
2023-10-01T00:54:11.200Z [info] Iniciando no ambiente development
2023-10-01T00:54:11.264Z [info] Servidor pronto na porta 8080
2023-10-01T00:54:19.687Z [info] Iniciando no ambiente development
2023-10-01T00:54:19.694Z [info] Servidor pronto na porta 8080
2023-10-01T00:54:25.146Z [info] Iniciando no ambiente development
2023-10-01T00:54:25.150Z [info] Servidor pronto na porta 8080
2023-10-01T00:54:27.015Z [info] Iniciando no ambiente development
2023-10-01T00:54:27.018Z [info] Servidor pronto na porta 8080
2023-10-01T00:54:44.253Z [info] Iniciando no ambiente development
2023-10-01T00:54:44.259Z [info] Servidor pronto na porta 8080
2023-10-01T00:54:45.917Z [info] Iniciando no ambiente development
2023-10-01T00:54:45.921Z [info] Servidor pronto na porta 8080
2023-10-01T00:54:48.989Z [info] Iniciando no ambiente development
2023-10-01T00:54:48.992Z [info] Servidor pronto na porta 8080
2023-10-01T00:54:54.993Z [info] Iniciando no ambiente development
2023-10-01T00:54:54.997Z [info] Servidor pronto na porta 8080
2023-10-01T00:54:58.978Z [info] Iniciando no ambiente development
2023-10-01T00:54:58.983Z [info] Servidor pronto na porta 8080
2023-10-01T00:55:04.504Z [info] Iniciando no ambiente development
2023-10-01T00:55:04.508Z [info] Servidor pronto na porta 8080
2023-10-01T00:55:40.616Z [info] Iniciando no ambiente development
2023-10-01T00:55:40.621Z [info] Servidor pronto na porta 8080
2023-10-01T00:55:53.811Z [info] Iniciando no ambiente development
2023-10-01T00:55:53.816Z [info] Servidor pronto na porta 8080
2023-10-01T00:55:56.945Z [info] Iniciando no ambiente development
2023-10-01T00:55:56.955Z [info] Servidor pronto na porta 8080
2023-10-01T00:55:58.825Z [info] Iniciando no ambiente development
2023-10-01T00:55:58.839Z [info] Servidor pronto na porta 8080
2023-10-01T00:56:00.862Z [info] Iniciando no ambiente development
2023-10-01T00:56:00.865Z [info] Servidor pronto na porta 8080
2023-10-01T00:56:05.115Z [info] Iniciando no ambiente development
2023-10-01T00:56:05.119Z [info] Servidor pronto na porta 8080
2023-10-01T00:56:06.825Z [info] Iniciando no ambiente development
2023-10-01T00:56:06.828Z [info] Servidor pronto na porta 8080
2023-10-01T00:56:09.639Z [info] Iniciando no ambiente development
2023-10-01T00:56:09.642Z [info] Servidor pronto na porta 8080
2023-10-01T00:56:13.732Z [info] Iniciando no ambiente development
2023-10-01T00:56:13.741Z [info] Servidor pronto na porta 8080
2023-10-01T00:56:24.847Z [info] Iniciando no ambiente development
2023-10-01T00:56:24.853Z [info] Servidor pronto na porta 8080
2023-10-01T00:56:30.681Z [info] Iniciando no ambiente development
2023-10-01T00:56:30.687Z [info] Servidor pronto na porta 8080
2023-10-01T00:56:49.770Z [info] Iniciando no ambiente development
2023-10-01T00:56:49.773Z [info] Servidor pronto na porta 8080
2023-10-01T00:56:53.388Z [info] Iniciando no ambiente development
2023-10-01T00:56:53.392Z [info] Servidor pronto na porta 8080
2023-10-01T00:57:01.353Z [info] Iniciando no ambiente development
2023-10-01T00:57:01.356Z [info] Servidor pronto na porta 8080
2023-10-01T00:57:04.566Z [info] Iniciando no ambiente development
2023-10-01T00:57:04.570Z [info] Servidor pronto na porta 8080
2023-10-01T00:57:06.709Z [info] Iniciando no ambiente development
2023-10-01T00:57:06.712Z [info] Servidor pronto na porta 8080
2023-10-01T00:57:08.490Z [info] Iniciando no ambiente development
2023-10-01T00:57:08.493Z [info] Servidor pronto na porta 8080
2023-10-01T00:57:20.568Z [info] Iniciando no ambiente development
2023-10-01T00:57:20.573Z [info] Servidor pronto na porta 8080
2023-10-01T00:57:24.556Z [info] Iniciando no ambiente development
2023-10-01T00:57:24.560Z [info] Servidor pronto na porta 8080
2023-10-01T00:58:06.530Z [info] Iniciando no ambiente development
2023-10-01T00:58:06.534Z [info] Servidor pronto na porta 8080
2023-10-01T00:58:08.833Z [info] Iniciando no ambiente development
2023-10-01T00:58:08.837Z [info] Servidor pronto na porta 8080
2023-10-01T00:58:22.086Z [info] Iniciando no ambiente development
2023-10-01T00:58:22.089Z [info] Servidor pronto na porta 8080
2023-10-01T00:58:29.238Z [info] Iniciando no ambiente development
2023-10-01T00:58:29.242Z [info] Servidor pronto na porta 8080
2023-10-01T00:58:41.102Z [info] Iniciando no ambiente development
2023-10-01T00:58:41.105Z [info] Servidor pronto na porta 8080
2023-10-01T00:58:43.522Z [info] Iniciando no ambiente development
2023-10-01T00:58:43.527Z [info] Servidor pronto na porta 8080
2023-10-01T00:58:47.426Z [info] Iniciando no ambiente development
2023-10-01T00:58:47.431Z [info] Servidor pronto na porta 8080
2023-10-01T00:58:53.566Z [info] Iniciando no ambiente development
2023-10-01T00:58:53.569Z [info] Servidor pronto na porta 8080
2023-10-01T00:58:58.154Z [info] Iniciando no ambiente development
2023-10-01T00:58:58.158Z [info] Servidor pronto na porta 8080
2023-10-01T00:59:03.369Z [info] Iniciando no ambiente development
2023-10-01T00:59:03.372Z [info] Servidor pronto na porta 8080
2023-10-01T00:59:09.318Z [info] Iniciando no ambiente development
2023-10-01T00:59:09.322Z [info] Servidor pronto na porta 8080
2023-10-01T00:59:18.610Z [info] Iniciando no ambiente development
2023-10-01T00:59:18.613Z [info] Servidor pronto na porta 8080
2023-10-01T00:59:22.418Z [info] Iniciando no ambiente development
2023-10-01T00:59:22.424Z [info] Servidor pronto na porta 8080
2023-10-01T00:59:31.689Z [info] Iniciando no ambiente development
2023-10-01T00:59:31.694Z [info] Servidor pronto na porta 8080
2023-10-01T00:59:39.829Z [info] Iniciando no ambiente development
2023-10-01T00:59:39.833Z [info] Servidor pronto na porta 8080
2023-10-01T01:07:01.598Z [info] Iniciando no ambiente development
2023-10-01T01:07:01.601Z [info] Servidor pronto na porta 8080
2023-10-01T01:07:26.497Z [debug] Requisição POST na rota /api/produtos
2023-10-01T01:08:16.306Z [debug] Requisição POST na rota /api/usuarios/login
2023-10-01T01:08:33.736Z [debug] Requisição POST na rota /api/produtos
2023-10-01T01:09:42.842Z [info] Iniciando no ambiente development
2023-10-01T01:09:42.850Z [info] Servidor pronto na porta 8080
2023-10-01T01:09:46.876Z [debug] Requisição POST na rota /api/usuarios/login
2023-10-01T01:10:00.543Z [debug] Requisição POST na rota /api/produtos
2023-10-01T01:10:55.000Z [info] Iniciando no ambiente development
2023-10-01T01:10:55.035Z [info] Servidor pronto na porta 8080
2023-10-01T01:10:56.618Z [info] Iniciando no ambiente development
2023-10-01T01:10:56.621Z [info] Servidor pronto na porta 8080
2023-10-01T01:11:14.112Z [debug] Requisição POST na rota /api/usuarios/login
2023-10-01T01:11:31.436Z [debug] Requisição POST na rota /api/produtos
2023-10-01T01:12:34.868Z [info] Iniciando no ambiente development
2023-10-01T01:12:34.871Z [info] Servidor pronto na porta 8080
2023-10-01T01:13:12.119Z [info] Iniciando no ambiente development
2023-10-01T01:13:12.125Z [info] Servidor pronto na porta 8080
2023-10-01T01:13:14.201Z [info] Iniciando no ambiente development
2023-10-01T01:13:14.204Z [info] Servidor pronto na porta 8080
2023-10-01T01:14:02.030Z [info] Iniciando no ambiente development
2023-10-01T01:14:02.036Z [info] Servidor pronto na porta 8080
2023-10-01T01:14:02.460Z [debug] Requisição POST na rota /api/usuarios/login
2023-10-01T01:14:13.351Z [debug] Requisição POST na rota /api/produtos
2023-10-01T01:14:46.907Z [debug] Requisição POST na rota /api/produtos
2023-10-01T01:15:25.645Z [debug] Requisição GET na rota /api/usuarios
2023-10-01T01:15:43.425Z [debug] Requisição POST na rota /api/produtos
2023-10-01T01:16:47.609Z [debug] Requisição POST na rota /api/produtos
2023-10-01T01:16:53.148Z [debug] Requisição GET na rota /api/produtos/9
2023-10-01T01:17:19.909Z [info] Iniciando no ambiente development
2023-10-01T01:17:19.912Z [info] Servidor pronto na porta 8080
2023-10-01T01:17:26.697Z [debug] Requisição POST na rota /api/usuarios/login
2023-10-01T01:17:53.076Z [debug] Requisição POST na rota /api/produtos
2023-10-01T01:20:15.447Z [info] Iniciando no ambiente development
2023-10-01T01:20:15.456Z [info] Servidor pronto na porta 8080
2023-10-01T01:20:18.540Z [info] Iniciando no ambiente development
2023-10-01T01:20:18.543Z [info] Servidor pronto na porta 8080
2023-10-01T01:20:21.655Z [debug] Requisição POST na rota /api/usuarios/login
2023-10-01T01:20:33.790Z [debug] Requisição POST na rota /api/produtos
2023-10-01T01:21:37.370Z [info] Iniciando no ambiente development
2023-10-01T01:21:37.374Z [info] Servidor pronto na porta 8080
2023-10-01T01:21:51.734Z [info] Iniciando no ambiente development
2023-10-01T01:21:51.737Z [info] Servidor pronto na porta 8080
2023-10-01T01:21:54.115Z [info] Iniciando no ambiente development
2023-10-01T01:21:54.119Z [info] Servidor pronto na porta 8080
2023-10-01T01:22:05.462Z [info] Iniciando no ambiente development
2023-10-01T01:22:05.465Z [info] Servidor pronto na porta 8080
2023-10-01T01:22:21.250Z [info] Iniciando no ambiente development
2023-10-01T01:22:21.252Z [info] Servidor pronto na porta 8080
2023-10-01T01:22:23.699Z [debug] Requisição POST na rota /api/usuarios/login
2023-10-01T01:22:34.824Z [debug] Requisição POST na rota /api/produtos
2023-10-01T01:24:14.475Z [info] Iniciando no ambiente development
2023-10-01T01:24:14.478Z [info] Servidor pronto na porta 8080
2023-10-01T01:24:17.789Z [debug] Requisição POST na rota /api/usuarios/login
2023-10-01T01:24:49.816Z [info] Iniciando no ambiente development
2023-10-01T01:24:49.819Z [info] Servidor pronto na porta 8080
2023-10-01T01:24:52.480Z [info] Iniciando no ambiente development
2023-10-01T01:24:52.483Z [info] Servidor pronto na porta 8080
2023-10-01T01:24:55.282Z [info] Iniciando no ambiente development
2023-10-01T01:24:55.285Z [info] Servidor pronto na porta 8080
2023-10-01T01:24:59.107Z [info] Iniciando no ambiente development
2023-10-01T01:24:59.110Z [info] Servidor pronto na porta 8080
2023-10-01T01:25:17.940Z [info] Iniciando no ambiente development
2023-10-01T01:25:17.943Z [info] Servidor pronto na porta 8080
2023-10-01T01:25:17.977Z [debug] Requisição POST na rota /api/usuarios/login
2023-10-01T01:25:28.965Z [info] Iniciando no ambiente development
2023-10-01T01:25:28.970Z [info] Servidor pronto na porta 8080
2023-10-01T01:25:29.722Z [debug] Requisição POST na rota /api/usuarios/login
2023-10-01T01:27:15.569Z [info] Iniciando no ambiente development
2023-10-01T01:27:15.572Z [info] Servidor pronto na porta 8080
2023-10-01T01:27:21.920Z [info] Iniciando no ambiente development
2023-10-01T01:27:21.923Z [info] Servidor pronto na porta 8080
2023-10-01T01:27:30.834Z [info] Iniciando no ambiente development
2023-10-01T01:27:30.838Z [info] Servidor pronto na porta 8080
2023-10-01T01:27:35.471Z [info] Iniciando no ambiente development
2023-10-01T01:27:35.474Z [info] Servidor pronto na porta 8080
2023-10-01T01:27:39.604Z [info] Iniciando no ambiente development
2023-10-01T01:27:39.608Z [info] Servidor pronto na porta 8080
2023-10-01T01:27:42.513Z [info] Iniciando no ambiente development
2023-10-01T01:27:42.516Z [info] Servidor pronto na porta 8080
2023-10-01T01:27:57.705Z [info] Iniciando no ambiente development
2023-10-01T01:27:57.710Z [info] Servidor pronto na porta 8080
2023-10-01T01:28:00.792Z [debug] Requisição POST na rota /api/usuarios/login
2023-10-01T01:28:08.978Z [info] Iniciando no ambiente development
2023-10-01T01:28:08.981Z [info] Servidor pronto na porta 8080
2023-10-01T01:28:15.783Z [info] Iniciando no ambiente development
2023-10-01T01:28:15.786Z [info] Servidor pronto na porta 8080
2023-10-01T01:29:01.878Z [info] Iniciando no ambiente development
2023-10-01T01:29:01.881Z [info] Servidor pronto na porta 8080
2023-10-01T01:29:04.302Z [info] Iniciando no ambiente development
2023-10-01T01:29:04.306Z [info] Servidor pronto na porta 8080
2023-10-01T01:29:09.776Z [debug] Requisição POST na rota /api/usuarios/login
2023-10-01T01:29:17.334Z [info] Iniciando no ambiente development
2023-10-01T01:29:17.339Z [info] Servidor pronto na porta 8080
2023-10-01T01:29:46.194Z [info] Iniciando no ambiente development
2023-10-01T01:29:46.197Z [info] Servidor pronto na porta 8080
2023-10-01T01:29:49.696Z [info] Iniciando no ambiente development
2023-10-01T01:29:49.699Z [info] Servidor pronto na porta 8080
2023-10-01T01:29:50.006Z [debug] Requisição POST na rota /api/usuarios/login
2023-10-01T01:30:00.117Z [info] Iniciando no ambiente development
2023-10-01T01:30:00.122Z [info] Servidor pronto na porta 8080
2023-10-01T01:30:00.805Z [debug] Requisição POST na rota /api/usuarios/login
2023-10-01T01:30:16.629Z [info] Iniciando no ambiente development
2023-10-01T01:30:16.632Z [info] Servidor pronto na porta 8080
2023-10-01T01:32:38.233Z [info] Iniciando no ambiente development
2023-10-01T01:32:38.236Z [info] Servidor pronto na porta 8080
2023-10-01T01:33:03.841Z [info] Iniciando no ambiente development
2023-10-01T01:33:03.844Z [info] Servidor pronto na porta 8080
2023-10-01T01:33:11.772Z [info] Iniciando no ambiente development
2023-10-01T01:33:11.775Z [info] Servidor pronto na porta 8080
2023-10-01T01:33:47.601Z [info] Iniciando no ambiente development
2023-10-01T01:33:47.605Z [info] Servidor pronto na porta 8080
2023-10-01T15:57:28.106Z [info] Iniciando no ambiente development
2023-10-01T15:57:28.109Z [info] Servidor pronto na porta 8080
2023-10-01T15:58:41.385Z [debug] Requisição POST na rota /api/usuarios/login
2023-10-01T15:58:58.311Z [debug] Requisição POST na rota /api/produtos
2023-10-01T15:59:54.649Z [info] Iniciando no ambiente development
2023-10-01T15:59:54.652Z [info] Servidor pronto na porta 8080
2023-10-01T16:01:34.558Z [debug] Requisição POST na rota /api/usuarios/login
2023-10-01T16:01:46.749Z [debug] Requisição POST na rota /api/produtos
2023-10-01T16:05:04.091Z [debug] Requisição POST na rota /api/usuarios/login
2023-10-01T16:05:14.359Z [debug] Requisição POST na rota /api/usuarios/login
2023-10-01T16:07:09.773Z [info] Iniciando no ambiente development
2023-10-01T16:07:09.776Z [info] Servidor pronto na porta 8080
2023-10-01T16:07:43.270Z [info] Iniciando no ambiente development
2023-10-01T16:07:43.274Z [info] Servidor pronto na porta 8080
2023-10-01T16:09:01.282Z [info] Iniciando no ambiente development
2023-10-01T16:09:01.286Z [info] Servidor pronto na porta 8080
2023-10-01T16:10:28.321Z [info] Iniciando no ambiente development
2023-10-01T16:10:28.324Z [info] Servidor pronto na porta 8080
2023-10-01T16:10:31.834Z [info] Iniciando no ambiente development
2023-10-01T16:10:31.839Z [info] Servidor pronto na porta 8080
2023-10-01T16:11:09.120Z [debug] Requisição POST na rota /api/produtos
2023-10-01T16:11:40.247Z [debug] Requisição POST na rota /api/usuarios/login
2023-10-01T16:11:55.545Z [debug] Requisição POST na rota /api/produtos
2023-10-01T16:15:53.164Z [debug] Requisição POST na rota /api/produtos
2023-10-01T16:16:06.204Z [debug] Requisição POST na rota /api/produtos
2023-10-01T16:17:13.154Z [info] Iniciando no ambiente development
2023-10-01T16:17:13.159Z [info] Servidor pronto na porta 8080
2023-10-01T16:17:26.705Z [info] Iniciando no ambiente development
2023-10-01T16:17:26.710Z [info] Servidor pronto na porta 8080
2023-10-01T16:17:35.167Z [info] Iniciando no ambiente development
2023-10-01T16:17:35.173Z [info] Servidor pronto na porta 8080
2023-10-01T16:18:05.871Z [debug] Requisição POST na rota /api/usuarios/login
2023-10-01T16:18:18.472Z [debug] Requisição POST na rota /api/produtos
2023-10-01T16:18:29.215Z [debug] Requisição POST na rota /api/produtos
2023-10-01T16:18:37.037Z [debug] Requisição POST na rota /api/produtos
2023-10-01T16:18:44.265Z [debug] Requisição POST na rota /api/produtos
2023-10-01T16:18:52.036Z [debug] Requisição POST na rota /api/produtos
